Created by PLY version 3.11 (http://www.dabeaz.com/ply)

Grammar

Rule 0     S' -> phrase
Rule 1     phrase -> BISM ALLAH ALRAHMAN ALRAHEEM

Terminals, with rules where they appear

ALLAH                : 1
ALRAHEEM             : 1
ALRAHMAN             : 1
BISM                 : 1
error                : 

Nonterminals, with rules where they appear

phrase               : 0

Parsing method: LALR

state 0

    (0) S' -> . phrase
    (1) phrase -> . BISM ALLAH ALRAHMAN ALRAHEEM

    BISM            shift and go to state 2

    phrase                         shift and go to state 1

state 1

    (0) S' -> phrase .



state 2

    (1) phrase -> BISM . ALLAH ALRAHMAN ALRAHEEM

    ALLAH           shift and go to state 3


state 3

    (1) phrase -> BISM ALLAH . ALRAHMAN ALRAHEEM

    ALRAHMAN        shift and go to state 4


state 4

    (1) phrase -> BISM ALLAH ALRAHMAN . ALRAHEEM

    ALRAHEEM        shift and go to state 5


state 5

    (1) phrase -> BISM ALLAH ALRAHMAN ALRAHEEM .

    $end            reduce using rule 1 (phrase -> BISM ALLAH ALRAHMAN ALRAHEEM .)

